[hackthemountain.tech/index.html]
[backblue.gif]
[fade.gif]
[index.html]
[hackthemountain.tech/logo.png]
[cdn.jsdelivr.net/npm/@mdi/font@latest/css/materialdesignicons.min.css]
[cdnjs.cloudflare.com/ajax/libs/animate.css/4.0.0/animate.min.css]
[use.fontawesome.com/releases/v5.8.1/css/all.css]
[hackthemountain.tech/css/app.d58ab0ac.css]
[hackthemountain.tech/js/app.930648ef.js]
[hackthemountain.tech/css/chunk-vendors.c97f64d6.css]
[www.gstatic.com/firebasejs/7.16.1/firebase-app.js]
[www.gstatic.com/firebasejs/7.16.1/firebase-analytics.js]
[hackthemountain.tech/index.html]
[cdn.jsdelivr.net/npm/@mdi/font@latest/css/materialdesignicons.min.css]
[cdnjs.cloudflare.com/ajax/libs/animate.css/4.0.0/animate.min.css]
[use.fontawesome.com/releases/v5.8.1/css/all.css]
[hackthemountain.tech/css/app.d58ab0ac.css]
[hackthemountain.tech/css/chunk-vendors.c97f64d6.css]
[hackthemountain.tech/js/chunk-vendors.c6002d12.js]
